0 info it worked if it ends with ok
1 verbose cli [ '/Users/idamira/.nvm/versions/node/v7.0.0/bin/node',
1 verbose cli   '/Users/idamira/.nvm/versions/node/v7.0.0/bin/npm',
1 verbose cli   'start' ]
2 info using npm@3.10.8
3 info using node@v7.0.0
4 verbose run-script [ 'prestart', 'start', 'poststart' ]
5 info lifecycle pbandjamdamira@3.10.8~prestart: pbandjamdamira@3.10.8
6 silly lifecycle pbandjamdamira@3.10.8~prestart: no script for prestart, continuing
7 info lifecycle pbandjamdamira@3.10.8~start: pbandjamdamira@3.10.8
8 verbose lifecycle pbandjamdamira@3.10.8~start: unsafe-perm in lifecycle true
9 verbose lifecycle pbandjamdamira@3.10.8~start: PATH: /Users/idamira/.nvm/versions/node/v7.0.0/lib/node_modules/npm/bin/node-gyp-bin:/Users/idamira/Desktop/projects_wdi/PBandJAMD/node_modules/.bin:/Users/idamira/.nvm/versions/node/v7.0.0/bin:/Users/idamira/.rbenv/shims:/usr/local/heroku/bin:/usr/local/bin:/usr/local/sbin:/usr/local/share/npm/bin:/Users/idamira/.rbenv/bin:/usr/bin:/bin:/usr/sbin:/sbin:/usr/local/bin:/opt/X11/bin
10 verbose lifecycle pbandjamdamira@3.10.8~start: CWD: /Users/idamira/Desktop/projects_wdi/PBandJAMD
11 silly lifecycle pbandjamdamira@3.10.8~start: Args: [ '-c', 'node server.js' ]
12 silly lifecycle pbandjamdamira@3.10.8~start: Returned: code: 1  signal: null
13 info lifecycle pbandjamdamira@3.10.8~start: Failed to exec start script
14 verbose stack Error: pbandjamdamira@3.10.8 start: `node server.js`
14 verbose stack Exit status 1
14 verbose stack     at EventEmitter.<anonymous> (/Users/idamira/.nvm/versions/node/v7.0.0/lib/node_modules/npm/lib/utils/lifecycle.js:255:16)
14 verbose stack     at emitTwo (events.js:106:13)
14 verbose stack     at EventEmitter.emit (events.js:191:7)
14 verbose stack     at ChildProcess.<anonymous> (/Users/idamira/.nvm/versions/node/v7.0.0/lib/node_modules/npm/lib/utils/spawn.js:40:14)
14 verbose stack     at emitTwo (events.js:106:13)
14 verbose stack     at ChildProcess.emit (events.js:191:7)
14 verbose stack     at maybeClose (internal/child_process.js:877:16)
14 verbose stack     at Process.ChildProcess._handle.onexit (internal/child_process.js:226:5)
15 verbose pkgid pbandjamdamira@3.10.8
16 verbose cwd /Users/idamira/Desktop/projects_wdi/PBandJAMD
17 error Darwin 16.1.0
18 error argv "/Users/idamira/.nvm/versions/node/v7.0.0/bin/node" "/Users/idamira/.nvm/versions/node/v7.0.0/bin/npm" "start"
19 error node v7.0.0
20 error npm  v3.10.8
21 error code ELIFECYCLE
22 error pbandjamdamira@3.10.8 start: `node server.js`
22 error Exit status 1
23 error Failed at the pbandjamdamira@3.10.8 start script 'node server.js'.
23 error Make sure you have the latest version of node.js and npm installed.
23 error If you do, this is most likely a problem with the pbandjamdamira package,
23 error not with npm itself.
23 error Tell the author that this fails on your system:
23 error     node server.js
23 error You can get information on how to open an issue for this project with:
23 error     npm bugs pbandjamdamira
23 error Or if that isn't available, you can get their info via:
23 error     npm owner ls pbandjamdamira
23 error There is likely additional logging output above.
24 verbose exit [ 1, true ]
